<?xml version="1.0" encoding="UTF-8"?>
<testng-results skipped="0" failed="0" ignored="0" total="3" passed="3">
  <reporter-output>
  </reporter-output>
  <suite name="Suite" duration-ms="30027" started-at="2017-12-10T17:59:53Z" finished-at="2017-12-10T18:00:23Z">
    <groups>
    </groups>
    <test name="Test" duration-ms="30027" started-at="2017-12-10T17:59:53Z" finished-at="2017-12-10T18:00:23Z">
      <class name="testcases.TC_002">
        <test-method status="PASS" signature="test1()[pri:0, instance:testcases.TC_002@7d9d1a19]" name="test1" duration-ms="9095" started-at="2017-12-10T23:30:04Z" finished-at="2017-12-10T23:30:14Z">
          <reporter-output>
          </reporter-output>
        </test-method> <!-- test1 -->
      </class> <!-- testcases.TC_002 -->
      <class name="testcases.TC_001">
        <test-method status="PASS" signature="test1()[pri:0, instance:testcases.TC_001@6093dd95]" name="test1" duration-ms="11717" started-at="2017-12-10T23:29:53Z" finished-at="2017-12-10T23:30:04Z">
          <reporter-output>
          </reporter-output>
        </test-method> <!-- test1 -->
      </class> <!-- testcases.TC_001 -->
      <class name="testcases.TC_003">
        <test-method status="PASS" signature="test1()[pri:0, instance:testcases.TC_003@39c0f4a]" name="test1" duration-ms="9171" started-at="2017-12-10T23:30:14Z" finished-at="2017-12-10T23:30:23Z">
          <reporter-output>
          </reporter-output>
        </test-method> <!-- test1 -->
      </class> <!-- testcases.TC_003 -->
    </test> <!-- Test -->
  </suite> <!-- Suite -->
</testng-results>
